-------------------------------------------------------------------------------
Test set: ru.practicum.diplom_2.order.CreateOrderTest
-------------------------------------------------------------------------------
Tests run: 4, Failures: 1, Errors: 0, Skipped: 0, Time elapsed: 18.525 s <<< FAILURE! - in ru.practicum.diplom_2.order.CreateOrderTest
OrderCannotBeCreatedByUnauthorizedUserTest(ru.practicum.diplom_2.order.CreateOrderTest)  Time elapsed: 0.254 s  <<< FAILURE!
java.lang.AssertionError: Status code is incorrect expected:<401> but was:<200>
	at ru.practicum.diplom_2.order.CreateOrderTest.OrderCannotBeCreatedByUnauthorizedUserTest(CreateOrderTest.java:67)

