<?xml version="1.0" encoding="UTF-8"?>
<testsuite xmlns:xsi="http://www.w3.org/2001/XMLSchema-instance" xsi:noNamespaceSchemaLocation="https://maven.apache.org/surefire/maven-surefire-plugin/xsd/surefire-test-report.xsd" name="ru.practicum.diplom_2.order.GetOrdersTest" time="1.538" tests="2" errors="0" skipped="0" failures="0">
  <properties>
[...]
</properties>
  <testcase name="OrdersListCanBeReceivedByAuthorizedUserTest" classname="ru.practicum.diplom_2.order.GetOrdersTest" time="0.374"/>
  <testcase name="OrdersListCannotBeReceivedByUnauthorizedUserTest" classname="ru.practicum.diplom_2.order.GetOrdersTest" time="0.26"/>
</testsuite>